TN:
SF:src\components\Dashboard.jsx
FN:5,(anonymous_0)
FN:13,(anonymous_1)
FN:17,(anonymous_2)
FN:20,(anonymous_3)
FN:21,(anonymous_4)
FN:24,(anonymous_5)
FN:29,(anonymous_6)
FN:35,(anonymous_7)
FN:55,(anonymous_8)
FN:64,(anonymous_9)
FNF:10
FNH:8
FNDA:23,(anonymous_0)
FNDA:12,(anonymous_1)
FNDA:10,(anonymous_2)
FNDA:0,(anonymous_3)
FNDA:0,(anonymous_4)
FNDA:10,(anonymous_5)
FNDA:1,(anonymous_6)
FNDA:11,(anonymous_7)
FNDA:5,(anonymous_8)
FNDA:5,(anonymous_9)
DA:5,1
DA:6,23
DA:7,23
DA:8,22
DA:9,22
DA:10,22
DA:11,22
DA:13,22
DA:14,12
DA:15,12
DA:16,12
DA:18,10
DA:19,10
DA:20,0
DA:21,0
DA:25,10
DA:26,10
DA:27,10
DA:30,1
DA:31,1
DA:35,22
DA:36,11
DA:39,22
DA:40,21
DA:41,10
DA:42,9
DA:44,9
DA:56,5
DA:65,5
LF:29
LH:27
BRDA:25,0,0,7
BRDA:25,0,1,3
BRDA:26,1,0,7
BRDA:26,1,1,3
BRDA:39,2,0,1
BRDA:39,2,1,21
BRDA:40,3,0,11
BRDA:40,3,1,10
BRDA:41,4,0,1
BRDA:41,4,1,9
BRDA:42,5,0,0
BRDA:42,5,1,9
BRDA:47,6,0,9
BRDA:47,6,1,9
BRDA:48,7,0,9
BRDA:48,7,1,9
BRDA:49,8,0,9
BRDA:49,8,1,9
BRDA:50,9,0,9
BRDA:50,9,1,9
BRDA:53,10,0,7
BRDA:53,10,1,2
BRDA:62,11,0,7
BRDA:62,11,1,2
BRF:24
BRH:23
end_of_record
TN:
SF:src\components\LoginForm.jsx
FN:7,(anonymous_0)
FN:12,(anonymous_1)
FN:21,(anonymous_2)
FN:30,(anonymous_3)
FN:54,(anonymous_4)
FN:56,(anonymous_5)
FN:60,(anonymous_6)
FN:62,(anonymous_7)
FNF:8
FNH:8
FNDA:9,(anonymous_0)
FNDA:279,(anonymous_1)
FNDA:10,(anonymous_2)
FNDA:10,(anonymous_3)
FNDA:157,(anonymous_4)
FNDA:157,(anonymous_5)
FNDA:95,(anonymous_6)
FNDA:95,(anonymous_7)
DA:7,1
DA:8,9
DA:12,1
DA:13,279
DA:14,279
DA:15,279
DA:16,279
DA:17,279
DA:18,279
DA:19,279
DA:21,279
DA:22,10
DA:23,10
DA:24,9
DA:25,10
DA:26,9
DA:27,10
DA:30,279
DA:31,10
DA:32,10
DA:33,10
DA:34,10
DA:35,3
DA:36,3
DA:38,7
DA:39,7
DA:40,7
DA:41,7
DA:42,3
DA:44,4
DA:45,2
DA:47,2
DA:50,7
DA:54,279
DA:55,157
DA:56,157
DA:57,157
DA:60,279
DA:61,95
DA:62,95
DA:63,95
DA:66,279
LF:42
LH:42
BRDA:8,0,0,9
BRDA:8,0,1,9
BRDA:8,0,2,9
BRDA:23,1,0,1
BRDA:23,1,1,9
BRDA:24,2,0,1
BRDA:24,2,1,8
BRDA:25,3,0,1
BRDA:25,3,1,9
BRDA:26,4,0,1
BRDA:26,4,1,8
BRDA:34,5,0,3
BRDA:34,5,1,7
BRDA:44,6,0,2
BRDA:44,6,1,2
BRDA:47,7,0,2
BRDA:47,7,1,0
BRDA:75,8,0,279
BRDA:75,8,1,2
BRDA:83,9,0,279
BRDA:83,9,1,2
BRDA:84,10,0,279
BRDA:84,10,1,3
BRDA:86,11,0,7
BRDA:86,11,1,272
BRF:25
BRH:24
end_of_record
TN:
SF:src\contexts\AuthContext.jsx
FN:6,(anonymous_0)
FN:12,(anonymous_1)
FN:27,(anonymous_2)
FN:52,(anonymous_3)
FN:60,(anonymous_4)
FN:86,(anonymous_5)
FN:101,(anonymous_6)
FN:113,(anonymous_7)
FN:114,(anonymous_8)
FN:117,(anonymous_9)
FN:120,(anonymous_10)
FN:137,(anonymous_11)
FNF:12
FNH:12
FNDA:65,(anonymous_0)
FNDA:27,(anonymous_1)
FNDA:12,(anonymous_2)
FNDA:2,(anonymous_3)
FNDA:2,(anonymous_4)
FNDA:2,(anonymous_5)
FNDA:2,(anonymous_6)
FNDA:1,(anonymous_7)
FNDA:1,(anonymous_8)
FNDA:1,(anonymous_9)
FNDA:4,(anonymous_10)
FNDA:320,(anonymous_11)
DA:4,2
DA:6,2
DA:7,65
DA:8,65
DA:9,65
DA:12,65
DA:13,27
DA:14,27
DA:15,27
DA:16,27
DA:17,8
DA:18,8
DA:25,65
DA:27,65
DA:28,12
DA:29,12
DA:30,12
DA:31,12
DA:32,7
DA:33,6
DA:34,6
DA:35,6
DA:36,6
DA:37,6
DA:38,6
DA:39,3
DA:41,6
DA:43,6
DA:44,6
DA:45,6
DA:46,6
DA:48,12
DA:52,65
DA:53,2
DA:54,2
DA:55,2
DA:56,2
DA:57,2
DA:60,65
DA:61,2
DA:62,2
DA:63,2
DA:64,2
DA:65,1
DA:66,1
DA:67,1
DA:68,1
DA:69,1
DA:70,1
DA:71,1
DA:72,1
DA:73,1
DA:76,1
DA:78,1
DA:79,1
DA:80,1
DA:82,2
DA:86,65
DA:87,2
DA:88,2
DA:89,1
DA:90,1
DA:91,1
DA:92,1
DA:94,1
DA:96,1
DA:97,1
DA:101,65
DA:102,2
DA:103,2
DA:104,1
DA:105,1
DA:106,1
DA:108,1
DA:109,1
DA:113,65
DA:114,1
DA:117,65
DA:120,65
DA:121,4
DA:122,4
DA:123,2
DA:126,65
DA:137,2
DA:138,320
DA:139,320
DA:140,320
LF:87
LH:87
BRDA:16,0,0,8
BRDA:16,0,1,19
BRDA:16,1,0,27
BRDA:16,1,1,8
BRDA:16,1,2,8
BRDA:16,1,3,8
BRDA:18,2,0,8
BRDA:18,2,1,0
BRDA:32,3,0,1
BRDA:32,3,1,6
BRDA:32,4,0,7
BRDA:32,4,1,6
BRDA:38,5,0,3
BRDA:38,5,1,3
BRDA:43,6,0,6
BRDA:43,6,1,2
BRDA:43,6,2,0
BRDA:65,7,0,0
BRDA:65,7,1,1
BRDA:65,8,0,1
BRDA:65,8,1,1
BRDA:68,9,0,1
BRDA:68,9,1,0
BRDA:72,10,0,1
BRDA:72,10,1,0
BRDA:78,11,0,1
BRDA:78,11,1,0
BRDA:78,11,2,0
BRDA:89,12,0,0
BRDA:89,12,1,1
BRDA:89,13,0,1
BRDA:89,13,1,1
BRDA:91,14,0,1
BRDA:91,14,1,0
BRDA:104,15,0,0
BRDA:104,15,1,1
BRDA:104,16,0,1
BRDA:104,16,1,1
BRDA:114,17,0,1
BRDA:114,17,1,0
BRDA:121,18,0,0
BRDA:121,18,1,4
BRDA:122,19,0,2
BRDA:122,19,1,2
BRDA:139,20,0,0
BRDA:139,20,1,320
BRF:46
BRH:33
end_of_record
